c:\users\sai.prg-training\documents\kieu huu thanh\prune\prune\debug\prune.pch
c:\users\sai.prg-training\documents\kieu huu thanh\prune\prune\debug\vc140.pdb
c:\users\sai.prg-training\documents\kieu huu thanh\prune\prune\debug\vc140.idb
c:\users\sai.prg-training\documents\kieu huu thanh\prune\prune\debug\stdafx.obj
c:\users\sai.prg-training\documents\kieu huu thanh\prune\prune\debug\prune.obj
c:\users\sai.prg-training\documents\kieu huu thanh\prune\prune\debug\canhcay.obj
c:\users\sai.prg-training\documents\kieu huu thanh\prune\prune\debug\tree.obj
c:\users\sai.prg-training\documents\github\prune\prune\debug\prune.pch
c:\users\sai.prg-training\documents\github\prune\prune\debug\vc140.pdb
c:\users\sai.prg-training\documents\github\prune\prune\debug\vc140.idb
c:\users\sai.prg-training\documents\github\prune\prune\debug\stdafx.obj
c:\users\sai.prg-training\documents\github\prune\prune\debug\canhcay.obj
c:\users\sai.prg-training\documents\github\prune\prune\debug\prune.obj
c:\users\sai.prg-training\documents\github\prune\prune\debug\tree.obj
c:\users\sai.prg-training\documents\kieu huu thanh\prune\debug\prune.ilk
c:\users\sai.prg-training\documents\kieu huu thanh\prune\debug\prune.exe
c:\users\sai.prg-training\documents\kieu huu thanh\prune\debug\prune.pdb
c:\users\sai.prg-training\documents\github\prune\debug\prune.pdb
c:\users\sai.prg-training\documents\github\prune\prune\debug\prune.tlog\cl.command.1.tlog
c:\users\sai.prg-training\documents\github\prune\prune\debug\prune.tlog\cl.read.1.tlog
c:\users\sai.prg-training\documents\github\prune\prune\debug\prune.tlog\cl.write.1.tlog
c:\users\sai.prg-training\documents\github\prune\prune\debug\prune.tlog\link.command.1.tlog
c:\users\sai.prg-training\documents\github\prune\prune\debug\prune.tlog\link.read.1.tlog
c:\users\sai.prg-training\documents\github\prune\prune\debug\prune.tlog\link.write.1.tlog
